0 info it worked if it ends with ok
1 verbose cli [ 'node', '/usr/local/bin/npm', 'install' ]
2 info using npm@2.0.0
3 info using node@v0.10.32
4 verbose node symlink /usr/local/bin/node
5 verbose readDependencies using package.json deps
6 verbose install where, deps [ '/Users/mustafa/projects/mongoose-archiver',
6 verbose install   [ 'mocha', 'should', 'mongoose', 'async' ] ]
7 info preinstall mongoose-archiver@0.0.1
8 verbose readDependencies using package.json deps
9 verbose cache add [ 'async@async', null ]
10 verbose cache add spec="async@async" args=["async@async",null]
11 verbose parsed spec { raw: 'async@async',
11 verbose parsed spec   scope: null,
11 verbose parsed spec   name: 'async',
11 verbose parsed spec   rawSpec: 'async',
11 verbose parsed spec   spec: 'async',
11 verbose parsed spec   type: 'tag' }
12 verbose cache add [ 'mocha@latest', null ]
13 verbose cache add spec="mocha@latest" args=["mocha@latest",null]
14 verbose parsed spec { raw: 'mocha@latest',
14 verbose parsed spec   scope: null,
14 verbose parsed spec   name: 'mocha',
14 verbose parsed spec   rawSpec: 'latest',
14 verbose parsed spec   spec: 'latest',
14 verbose parsed spec   type: 'tag' }
15 verbose cache add [ 'should@latest', null ]
16 verbose cache add spec="should@latest" args=["should@latest",null]
17 verbose parsed spec { raw: 'should@latest',
17 verbose parsed spec   scope: null,
17 verbose parsed spec   name: 'should',
17 verbose parsed spec   rawSpec: 'latest',
17 verbose parsed spec   spec: 'latest',
17 verbose parsed spec   type: 'tag' }
18 verbose cache add [ 'mongoose@latest', null ]
19 verbose cache add spec="mongoose@latest" args=["mongoose@latest",null]
20 verbose parsed spec { raw: 'mongoose@latest',
20 verbose parsed spec   scope: null,
20 verbose parsed spec   name: 'mongoose',
20 verbose parsed spec   rawSpec: 'latest',
20 verbose parsed spec   spec: 'latest',
20 verbose parsed spec   type: 'tag' }
21 verbose parsed spec { raw: 'async@async',
21 verbose parsed spec   scope: null,
21 verbose parsed spec   name: 'async',
21 verbose parsed spec   rawSpec: 'async',
21 verbose parsed spec   spec: 'async',
21 verbose parsed spec   type: 'tag' }
22 verbose addNamed [ 'async', 'async' ]
23 verbose addNamed [ null, null ]
24 verbose parsed spec { raw: 'mocha@latest',
24 verbose parsed spec   scope: null,
24 verbose parsed spec   name: 'mocha',
24 verbose parsed spec   rawSpec: 'latest',
24 verbose parsed spec   spec: 'latest',
24 verbose parsed spec   type: 'tag' }
25 verbose addNamed [ 'mocha', 'latest' ]
26 verbose addNamed [ null, null ]
27 verbose parsed spec { raw: 'should@latest',
27 verbose parsed spec   scope: null,
27 verbose parsed spec   name: 'should',
27 verbose parsed spec   rawSpec: 'latest',
27 verbose parsed spec   spec: 'latest',
27 verbose parsed spec   type: 'tag' }
28 verbose addNamed [ 'should', 'latest' ]
29 verbose addNamed [ null, null ]
30 verbose parsed spec { raw: 'mongoose@latest',
30 verbose parsed spec   scope: null,
30 verbose parsed spec   name: 'mongoose',
30 verbose parsed spec   rawSpec: 'latest',
30 verbose parsed spec   spec: 'latest',
30 verbose parsed spec   type: 'tag' }
31 verbose addNamed [ 'mongoose', 'latest' ]
32 verbose addNamed [ null, null ]
33 silly lockFile ffc5cc53-async-async async@async
34 verbose lock async@async /Users/mustafa/.npm/ffc5cc53-async-async.lock
35 silly lockFile 12215997-mocha-latest mocha@latest
36 verbose lock mocha@latest /Users/mustafa/.npm/12215997-mocha-latest.lock
37 silly lockFile b74e4a4c-should-latest should@latest
38 verbose lock should@latest /Users/mustafa/.npm/b74e4a4c-should-latest.lock
39 silly lockFile 73e949f4-mongoose-latest mongoose@latest
40 verbose lock mongoose@latest /Users/mustafa/.npm/73e949f4-mongoose-latest.lock
41 info addNameTag [ 'async', 'async' ]
42 verbose mapToRegistry name async
43 verbose mapToRegistry uri https://registry.npmjs.org/async
44 info addNameTag [ 'should', 'latest' ]
45 verbose mapToRegistry name should
46 verbose mapToRegistry uri https://registry.npmjs.org/should
47 info addNameTag [ 'mocha', 'latest' ]
48 verbose mapToRegistry name mocha
49 verbose mapToRegistry uri https://registry.npmjs.org/mocha
50 info addNameTag [ 'mongoose', 'latest' ]
51 verbose mapToRegistry name mongoose
52 verbose mapToRegistry uri https://registry.npmjs.org/mongoose
53 verbose registry.get https://registry.npmjs.org/async not expired, no request
54 silly lockFile ffc5cc53-async-async async@async
55 silly lockFile ffc5cc53-async-async async@async
56 verbose registry.get https://registry.npmjs.org/should not expired, no request
57 verbose addNamed [ 'should', '4.0.4' ]
58 verbose addNamed [ '4.0.4', '4.0.4' ]
59 silly lockFile 4d7e04e0-should-4-0-4 should@4.0.4
60 verbose lock should@4.0.4 /Users/mustafa/.npm/4d7e04e0-should-4-0-4.lock
61 verbose registry.get https://registry.npmjs.org/mongoose not expired, no request
62 verbose addNamed [ 'mongoose', '3.8.17' ]
63 verbose addNamed [ '3.8.17', '3.8.17' ]
64 silly lockFile a4695088-mongoose-3-8-17 mongoose@3.8.17
65 verbose lock mongoose@3.8.17 /Users/mustafa/.npm/a4695088-mongoose-3-8-17.lock
66 verbose registry.get https://registry.npmjs.org/mocha not expired, no request
67 verbose addNamed [ 'mocha', '1.21.4' ]
68 verbose addNamed [ '1.21.4', '1.21.4' ]
69 silly lockFile a6953c81-mocha-1-21-4 mocha@1.21.4
70 verbose lock mocha@1.21.4 /Users/mustafa/.npm/a6953c81-mocha-1-21-4.lock
71 silly lockFile 4d7e04e0-should-4-0-4 should@4.0.4
72 silly lockFile 4d7e04e0-should-4-0-4 should@4.0.4
73 silly lockFile a4695088-mongoose-3-8-17 mongoose@3.8.17
74 silly lockFile a4695088-mongoose-3-8-17 mongoose@3.8.17
75 silly lockFile b74e4a4c-should-latest should@latest
76 silly lockFile b74e4a4c-should-latest should@latest
77 silly lockFile 73e949f4-mongoose-latest mongoose@latest
78 silly lockFile 73e949f4-mongoose-latest mongoose@latest
79 silly lockFile a6953c81-mocha-1-21-4 mocha@1.21.4
80 silly lockFile a6953c81-mocha-1-21-4 mocha@1.21.4
81 silly lockFile 12215997-mocha-latest mocha@latest
82 silly lockFile 12215997-mocha-latest mocha@latest
83 info already installed should@4.0.4
84 info already installed mongoose@3.8.17
85 info already installed mocha@1.21.4
86 verbose stack Error: No compatible version found: async@'async'
86 verbose stack Valid install targets:
86 verbose stack ["0.1.0","0.1.1","0.1.2","0.1.3","0.1.4","0.1.5","0.1.6","0.1.7","0.1.8","0.1.9","0.1.10","0.1.11","0.1.12","0.1.13","0.1.14","0.1.15","0.1.16","0.1.17","0.1.18","0.1.19","0.1.20","0.1.21","0.1.22","0.2.0","0.2.1","0.2.2","0.2.3","0.2.4","0.2.5","0.2.6","0.2.7","0.2.8","0.2.9","0.2.10","0.3.0","0.4.0","0.4.1","0.5.0","0.6.0","0.6.1","0.6.2","0.7.0","0.8.0","0.9.0"]
86 verbose stack
86 verbose stack     at installTargetsError (/usr/local/lib/node_modules/npm/lib/cache/add-named.js:258:12)
86 verbose stack     at next (/usr/local/lib/node_modules/npm/lib/cache/add-named.js:80:10)
86 verbose stack     at RegClient.get_ (/usr/local/lib/node_modules/npm/node_modules/npm-registry-client/lib/get.js:130:14)
86 verbose stack     at RegClient.<anonymous> (/usr/local/lib/node_modules/npm/node_modules/npm-registry-client/lib/get.js:49:12)
86 verbose stack     at evalmachine.<anonymous>:271:14
86 verbose stack     at /usr/local/lib/node_modules/npm/node_modules/graceful-fs/graceful-fs.js:102:5
86 verbose stack     at Object.oncomplete (evalmachine.<anonymous>:107:15)
87 verbose cwd /Users/mustafa/projects/mongoose-archiver
88 error Darwin 13.4.0
89 error argv "node" "/usr/local/bin/npm" "install"
90 error node v0.10.32
91 error npm  v2.0.0
92 error code ETARGET
93 error notarget No compatible version found: async@'async'
93 error notarget Valid install targets:
93 error notarget ["0.1.0","0.1.1","0.1.2","0.1.3","0.1.4","0.1.5","0.1.6","0.1.7","0.1.8","0.1.9","0.1.10","0.1.11","0.1.12","0.1.13","0.1.14","0.1.15","0.1.16","0.1.17","0.1.18","0.1.19","0.1.20","0.1.21","0.1.22","0.2.0","0.2.1","0.2.2","0.2.3","0.2.4","0.2.5","0.2.6","0.2.7","0.2.8","0.2.9","0.2.10","0.3.0","0.4.0","0.4.1","0.5.0","0.6.0","0.6.1","0.6.2","0.7.0","0.8.0","0.9.0"]
93 error notarget
93 error notarget This is most likely not a problem with npm itself.
93 error notarget In most cases you or one of your dependencies are requesting
93 error notarget a package version that doesn't exist.
94 verbose exit [ 1, true ]
